[0330/171748.721:ERROR:process_info.cc(118)] ReadProcessMemory bool __cdecl crashpad::(anonymous namespace)::ReadStruct(HANDLE, crashpad::WinVMAddress, T *) [T = crashpad::process_types::PEB<crashpad::process_types::internal::Traits64>]: Only part of a ReadProcessMemory or WriteProcessMemory request was completed. (0x12B)
[0330/171748.723:ERROR:process_info.cc(551)] ReadProcessData failed
[0330/171748.723:ERROR:process_info.cc(551)] ReadProcessData failed
[0330/171748.721:ERROR:process_info.cc(118)] ReadProcessMemory bool __cdecl crashpad::(anonymous namespace)::ReadStruct(HANDLE, crashpad::WinVMAddress, T *) [T = crashpad::process_types::PEB<crashpad::process_types::internal::Traits64>]: Only part of a ReadProcessMemory or WriteProcessMemory request was completed. (0x12B)
[0330/171748.722:ERROR:process_info.cc(118)] ReadProcessMemory bool __cdecl crashpad::(anonymous namespace)::ReadStruct(HANDLE, crashpad::WinVMAddress, T *) [T = crashpad::process_types::PEB<crashpad::process_types::internal::Traits64>]: Only part of a ReadProcessMemory or WriteProcessMemory request was completed. (0x12B)
[0330/171748.721:ERROR:process_info.cc(118)] ReadProcessMemory bool __cdecl crashpad::(anonymous namespace)::ReadStruct(HANDLE, crashpad::WinVMAddress, T *) [T = crashpad::process_types::PEB<crashpad::process_types::internal::Traits64>]: Only part of a ReadProcessMemory or WriteProcessMemory request was completed. (0x12B)
[0330/171748.721:ERROR:process_info.cc(118)] ReadProcessMemory bool __cdecl crashpad::(anonymous namespace)::ReadStruct(HANDLE, crashpad::WinVMAddress, T *) [T = crashpad::process_types::PEB<crashpad::process_types::internal::Traits64>]: Only part of a ReadProcessMemory or WriteProcessMemory request was completed. (0x12B)
[0330/171748.721:ERROR:process_info.cc(118)] ReadProcessMemory bool __cdecl crashpad::(anonymous namespace)::ReadStruct(HANDLE, crashpad::WinVMAddress, T *) [T = crashpad::process_types::PEB<crashpad::process_types::internal::Traits64>]: Only part of a ReadProcessMemory or WriteProcessMemory request was completed. (0x12B)
[0330/171748.724:ERROR:process_info.cc(551)] ReadProcessData failed
[0330/171748.724:ERROR:process_info.cc(551)] ReadProcessData failed
[0330/171748.724:ERROR:process_info.cc(551)] ReadProcessData failed
[0330/171748.724:ERROR:process_info.cc(551)] ReadProcessData failed
[0330/171748.724:ERROR:process_info.cc(551)] ReadProcessData failed
[0330/171749.224:ERROR:process_info.cc(98)] ReadProcessMemory UNICODE_STRING: Only part of a ReadProcessMemory or WriteProcessMemory request was completed. (0x12B)
[0330/171749.224:ERROR:process_info.cc(118)] ReadProcessMemory bool __cdecl crashpad::(anonymous namespace)::ReadStruct(HANDLE, crashpad::WinVMAddress, T *) [T = crashpad::process_types::LDR_DATA_TABLE_ENTRY<crashpad::process_types::internal::Traits64>]: Only part of a ReadProcessMemory or WriteProcessMemory request was completed. (0x12B)
[0330/171749.224:ERROR:process_info.cc(329)] VirtualQueryEx: Access is denied. (0x5)
[0330/171749.224:ERROR:process_info.cc(556)] ReadMemoryInfo failed
[0330/171748.723:ERROR:scoped_process_suspend.cc(40)] NtResumeProcess: An attempt was made to access an exiting process. (0xc000010a)
[0330/171748.345:ERROR:scoped_process_suspend.cc(31)] NtSuspendProcess: An attempt was made to access an exiting process. (0xc000010a)
[0330/171749.224:ERROR:scoped_process_suspend.cc(40)] NtResumeProcess: An attempt was made to access an exiting process. (0xc000010a)
[0330/171748.345:ERROR:scoped_process_suspend.cc(31)] NtSuspendProcess: An attempt was made to access an exiting process. (0xc000010a)
[0330/171748.345:ERROR:scoped_process_suspend.cc(31)] NtSuspendProcess: An attempt was made to access an exiting process. (0xc000010a)
[0330/171748.345:ERROR:scoped_process_suspend.cc(31)] NtSuspendProcess: An attempt was made to access an exiting process. (0xc000010a)
[0330/171748.724:ERROR:scoped_process_suspend.cc(40)] NtResumeProcess: An attempt was made to access an exiting process. (0xc000010a)
[0330/171748.724:ERROR:scoped_process_suspend.cc(40)] NtResumeProcess: An attempt was made to access an exiting process. (0xc000010a)
[0330/171748.724:ERROR:scoped_process_suspend.cc(40)] NtResumeProcess: An attempt was made to access an exiting process. (0xc000010a)
[0330/171748.345:ERROR:scoped_process_suspend.cc(31)] NtSuspendProcess: An attempt was made to access an exiting process. (0xc000010a)
[0330/171748.345:ERROR:scoped_process_suspend.cc(31)] NtSuspendProcess: An attempt was made to access an exiting process. (0xc000010a)
[0330/171748.345:ERROR:scoped_process_suspend.cc(31)] NtSuspendProcess: An attempt was made to access an exiting process. (0xc000010a)
[0330/171748.724:ERROR:scoped_process_suspend.cc(40)] NtResumeProcess: An attempt was made to access an exiting process. (0xc000010a)
[0330/171748.723:ERROR:scoped_process_suspend.cc(40)] NtResumeProcess: An attempt was made to access an exiting process. (0xc000010a)
[0330/171748.369:ERROR:scoped_process_suspend.cc(31)] NtSuspendProcess: An attempt was made to access an exiting process. (0xc000010a)
[0330/171748.724:ERROR:scoped_process_suspend.cc(40)] NtResumeProcess: An attempt was made to access an exiting process. (0xc000010a)
[0330/171748.345:ERROR:scoped_process_suspend.cc(31)] NtSuspendProcess: An attempt was made to access an exiting process. (0xc000010a)
[0330/171748.345:ERROR:scoped_process_suspend.cc(31)] NtSuspendProcess: An attempt was made to access an exiting process. (0xc000010a)
[0330/171748.723:ERROR:scoped_process_suspend.cc(40)] NtResumeProcess: An attempt was made to access an exiting process. (0xc000010a)
[0330/171749.587:ERROR:process_info.cc(98)] ReadProcessMemory UNICODE_STRING: Only part of a ReadProcessMemory or WriteProcessMemory request was completed. (0x12B)
[0330/171749.587:ERROR:process_info.cc(118)] ReadProcessMemory bool __cdecl crashpad::(anonymous namespace)::ReadStruct(HANDLE, crashpad::WinVMAddress, T *) [T = crashpad::process_types::LDR_DATA_TABLE_ENTRY<crashpad::process_types::internal::Traits64>]: Only part of a ReadProcessMemory or WriteProcessMemory request was completed. (0x12B)
[0330/171749.587:ERROR:process_info.cc(329)] VirtualQueryEx: Access is denied. (0x5)
[0330/171749.587:ERROR:process_info.cc(556)] ReadMemoryInfo failed
[0330/171749.587:ERROR:scoped_process_suspend.cc(40)] NtResumeProcess: An attempt was made to access an exiting process. (0xc000010a)
[0330/171749.624:ERROR:process_reader_win.cc(151)] SuspendThread: Access is denied. (0x5)
[0330/171749.625:ERROR:exception_snapshot_win.cc(98)] thread ID 22756 not found in process
[0330/171749.629:ERROR:process_reader_win.cc(151)] SuspendThread: Access is denied. (0x5)
[0330/171749.630:ERROR:exception_snapshot_win.cc(98)] thread ID 31492 not found in process
[0330/171749.631:ERROR:process_reader_win.cc(151)] SuspendThread: Access is denied. (0x5)
[0330/171749.632:ERROR:exception_snapshot_win.cc(98)] thread ID 27988 not found in process
[0330/171749.632:ERROR:scoped_process_suspend.cc(40)] NtResumeProcess: An attempt was made to access an exiting process. (0xc000010a)
[0330/171749.718:ERROR:process_info.cc(118)] ReadProcessMemory bool __cdecl crashpad::(anonymous namespace)::ReadStruct(HANDLE, crashpad::WinVMAddress, T *) [T = crashpad::process_types::PEB<crashpad::process_types::internal::Traits64>]: Only part of a ReadProcessMemory or WriteProcessMemory request was completed. (0x12B)
[0330/171749.718:ERROR:process_info.cc(118)] ReadProcessMemory bool __cdecl crashpad::(anonymous namespace)::ReadStruct(HANDLE, crashpad::WinVMAddress, T *) [T = crashpad::process_types::PEB<crashpad::process_types::internal::Traits64>]: Only part of a ReadProcessMemory or WriteProcessMemory request was completed. (0x12B)
[0330/171749.718:ERROR:process_info.cc(551)] ReadProcessData failed
[0330/171749.718:ERROR:process_info.cc(118)] ReadProcessMemory bool __cdecl crashpad::(anonymous namespace)::ReadStruct(HANDLE, crashpad::WinVMAddress, T *) [T = crashpad::process_types::PEB<crashpad::process_types::internal::Traits64>]: Only part of a ReadProcessMemory or WriteProcessMemory request was completed. (0x12B)
[0330/171749.718:ERROR:process_info.cc(118)] ReadProcessMemory bool __cdecl crashpad::(anonymous namespace)::ReadStruct(HANDLE, crashpad::WinVMAddress, T *) [T = crashpad::process_types::PEB<crashpad::process_types::internal::Traits64>]: Only part of a ReadProcessMemory or WriteProcessMemory request was completed. (0x12B)
[0330/171749.718:ERROR:process_info.cc(118)] ReadProcessMemory bool __cdecl crashpad::(anonymous namespace)::ReadStruct(HANDLE, crashpad::WinVMAddress, T *) [T = crashpad::process_types::PEB<crashpad::process_types::internal::Traits64>]: Only part of a ReadProcessMemory or WriteProcessMemory request was completed. (0x12B)
[0330/171749.718:ERROR:process_info.cc(551)] ReadProcessData failed
[0330/171749.718:ERROR:process_info.cc(118)] ReadProcessMemory bool __cdecl crashpad::(anonymous namespace)::ReadStruct(HANDLE, crashpad::WinVMAddress, T *) [T = crashpad::process_types::PEB<crashpad::process_types::internal::Traits64>]: Only part of a ReadProcessMemory or WriteProcessMemory request was completed. (0x12B)
[0330/171749.718:ERROR:process_info.cc(551)] ReadProcessData failed
[0330/171749.718:ERROR:process_info.cc(118)] ReadProcessMemory bool __cdecl crashpad::(anonymous namespace)::ReadStruct(HANDLE, crashpad::WinVMAddress, T *) [T = crashpad::process_types::PEB<crashpad::process_types::internal::Traits64>]: Only part of a ReadProcessMemory or WriteProcessMemory request was completed. (0x12B)
[0330/171749.718:ERROR:process_info.cc(551)] ReadProcessData failed
[0330/171749.718:ERROR:process_info.cc(118)] ReadProcessMemory bool __cdecl crashpad::(anonymous namespace)::ReadStruct(HANDLE, crashpad::WinVMAddress, T *) [T = crashpad::process_types::PEB<crashpad::process_types::internal::Traits64>]: Only part of a ReadProcessMemory or WriteProcessMemory request was completed. (0x12B)
[0330/171749.718:ERROR:process_info.cc(118)] ReadProcessMemory bool __cdecl crashpad::(anonymous namespace)::ReadStruct(HANDLE, crashpad::WinVMAddress, T *) [T = crashpad::process_types::PEB<crashpad::process_types::internal::Traits64>]: Only part of a ReadProcessMemory or WriteProcessMemory request was completed. (0x12B)
[0330/171749.718:ERROR:process_info.cc(551)] ReadProcessData failed
[0330/171749.718:ERROR:process_info.cc(551)] ReadProcessData failed
[0330/171749.718:ERROR:process_info.cc(551)] ReadProcessData failed
[0330/171749.718:ERROR:process_info.cc(551)] ReadProcessData failed
[0330/171749.718:ERROR:process_info.cc(118)] ReadProcessMemory bool __cdecl crashpad::(anonymous namespace)::ReadStruct(HANDLE, crashpad::WinVMAddress, T *) [T = crashpad::process_types::PEB<crashpad::process_types::internal::Traits64>]: Only part of a ReadProcessMemory or WriteProcessMemory request was completed. (0x12B)
[0330/171749.718:ERROR:process_info.cc(551)] ReadProcessData failed
[0330/171749.718:ERROR:process_info.cc(551)] ReadProcessData failed
[0330/171749.884:ERROR:process_info.cc(329)] VirtualQueryEx: Access is denied. (0x5)
[0330/171749.884:ERROR:process_info.cc(329)] VirtualQueryEx: Access is denied. (0x5)
[0330/171749.884:ERROR:process_info.cc(329)] VirtualQueryEx: Access is denied. (0x5)
[0330/171749.884:ERROR:process_info.cc(329)] VirtualQueryEx: Access is denied. (0x5)
[0330/171749.884:ERROR:process_info.cc(556)] ReadMemoryInfo failed
[0330/171749.884:ERROR:process_info.cc(556)] ReadMemoryInfo failed
[0330/171749.884:ERROR:process_info.cc(556)] ReadMemoryInfo failed
[0330/171749.884:ERROR:process_info.cc(329)] VirtualQueryEx: Access is denied. (0x5)
[0330/171749.884:ERROR:scoped_process_suspend.cc(40)] NtResumeProcess: An attempt was made to access an exiting process. (0xc000010a)
[0330/171749.884:ERROR:scoped_process_suspend.cc(40)] NtResumeProcess: An attempt was made to access an exiting process. (0xc000010a)
[0330/171749.884:ERROR:process_info.cc(556)] ReadMemoryInfo failed
[0330/171749.884:ERROR:scoped_process_suspend.cc(40)] NtResumeProcess: An attempt was made to access an exiting process. (0xc000010a)
[0330/171749.884:ERROR:process_info.cc(556)] ReadMemoryInfo failed
[0330/171749.884:ERROR:scoped_process_suspend.cc(40)] NtResumeProcess: An attempt was made to access an exiting process. (0xc000010a)
[0330/171749.884:ERROR:scoped_process_suspend.cc(40)] NtResumeProcess: An attempt was made to access an exiting process. (0xc000010a)
[0330/171749.977:ERROR:process_reader_win.cc(151)] SuspendThread: Access is denied. (0x5)
[0330/171749.977:ERROR:exception_snapshot_win.cc(98)] thread ID 19576 not found in process
[0330/171749.977:ERROR:process_reader_win.cc(151)] SuspendThread: Access is denied. (0x5)
[0330/171749.977:ERROR:exception_snapshot_win.cc(98)] thread ID 30584 not found in process
